<?xml version="1.0" encoding="UTF-8"?>
<!-- Generated by org.testng.reporters.JUnitReportReporter -->
<testsuite hostname="ShrutiLaptop" name="com.crm.qa.testCases.ContactsPageTest" tests="1" failures="0" timestamp="5 Apr 2018 17:40:09 GMT" time="62.578" errors="0">
  <testcase name="validateContactsLabel" time="62.578" classname="com.crm.qa.testCases.ContactsPageTest"/>
</testsuite> <!-- com.crm.qa.testCases.ContactsPageTest -->
