<?xml version="1.0" encoding="UTF-8"?>
<!-- Generated by org.testng.reporters.JUnitReportReporter -->
<testsuite hostname="ShrutiLaptop" name="com.crm.qa.testCases.HomePageTest" tests="1" failures="0" timestamp="7 Apr 2018 03:53:35 GMT" time="40.306" errors="0">
  <testcase name="validateContactLinkClickTest" time="40.306" classname="com.crm.qa.testCases.HomePageTest"/>
</testsuite> <!-- com.crm.qa.testCases.HomePageTest -->
