<?xml version="1.0" encoding="UTF-8"?>
<!-- Generated by org.testng.reporters.JUnitReportReporter -->
<testsuite hostname="ShrutiLaptop" name="com.crm.qa.testCases.HomePageTest" tests="1" failures="0" timestamp="4 Apr 2018 08:31:18 GMT" time="27.338" errors="0">
  <testcase name="validateContactLinkClickTest" time="27.338" classname="com.crm.qa.testCases.HomePageTest"/>
</testsuite> <!-- com.crm.qa.testCases.HomePageTest -->
