<?xml version="1.0" encoding="UTF-8"?>
<!-- Generated by org.testng.reporters.JUnitReportReporter -->
<testsuite hostname="ShrutiLaptop" name="com.crm.qa.testCases.LoginPageTest" tests="3" failures="0" timestamp="3 Apr 2018 12:03:12 GMT" time="44.131" errors="0">
  <testcase name="validateCrmLogoTest" time="15.464" classname="com.crm.qa.testCases.LoginPageTest"/>
  <testcase name="ValidateloginPageTitleTest" time="10.572" classname="com.crm.qa.testCases.LoginPageTest"/>
  <testcase name="validateLoginTest" time="18.095" classname="com.crm.qa.testCases.LoginPageTest"/>
</testsuite> <!-- com.crm.qa.testCases.LoginPageTest -->
