<?xml version="1.0" encoding="UTF-8"?>
<!-- Generated by org.testng.reporters.JUnitReportReporter -->
<testsuite hostname="ShrutiLaptop" name="com.crm.qa.testCases.LoginPageTest" tests="1" failures="0" timestamp="3 Apr 2018 17:22:14 GMT" time="33.152" errors="0">
  <testcase name="validateLoginTest" time="33.152" classname="com.crm.qa.testCases.LoginPageTest"/>
</testsuite> <!-- com.crm.qa.testCases.LoginPageTest -->
