<?xml version="1.0" encoding="UTF-8"?>
<!-- Generated by org.testng.reporters.JUnitReportReporter -->
<testsuite hostname="ShrutiLaptop" name="com.crm.qa.testCases.HomePageTest" tests="1" failures="0" timestamp="3 Apr 2018 18:56:44 GMT" time="55.033" errors="0">
  <testcase name="validateContactLinkClickTest" time="55.033" classname="com.crm.qa.testCases.HomePageTest"/>
</testsuite> <!-- com.crm.qa.testCases.HomePageTest -->
