<?xml version="1.0" encoding="UTF-8"?>
<!-- Generated by org.testng.reporters.JUnitReportReporter -->
<testsuite hostname="ShrutiLaptop" name="com.crm.qa.testCases.NewContactPageTest" tests="1" failures="0" timestamp="4 Apr 2018 07:29:01 GMT" time="43.653" errors="0">
  <testcase name="validateNewContactSave" time="43.653" classname="com.crm.qa.testCases.NewContactPageTest"/>
</testsuite> <!-- com.crm.qa.testCases.NewContactPageTest -->
