<?xml version="1.0" encoding="UTF-8"?>
<!-- Generated by org.testng.reporters.JUnitReportReporter -->
<testsuite hostname="ShrutiLaptop" name="com.crm.qa.testCases.HomePageTest" tests="1" failures="0" timestamp="5 Apr 2018 17:40:09 GMT" time="29.869" errors="0">
  <testcase name="validateContactLinkClickTest" time="29.869" classname="com.crm.qa.testCases.HomePageTest"/>
</testsuite> <!-- com.crm.qa.testCases.HomePageTest -->
