<?xml version="1.0" encoding="UTF-8"?>
<!-- Generated by org.testng.reporters.JUnitReportReporter -->
<testsuite hostname="ShrutiLaptop" name="com.crm.qa.testCases.LoginPageTest" tests="1" failures="0" timestamp="7 Apr 2018 03:53:35 GMT" time="37.305" errors="0">
  <testcase name="validateLoginTest" time="37.305" classname="com.crm.qa.testCases.LoginPageTest"/>
</testsuite> <!-- com.crm.qa.testCases.LoginPageTest -->
