<?xml version="1.0" encoding="UTF-8"?>
<!-- Generated by org.testng.reporters.JUnitReportReporter -->
<testsuite hostname="ShrutiLaptop" name="com.crm.qa.testCases.ContactsPageTest" tests="1" failures="0" timestamp="4 Apr 2018 08:31:18 GMT" time="58.642" errors="0">
  <testcase name="validateContactsLabel" time="58.642" classname="com.crm.qa.testCases.ContactsPageTest"/>
</testsuite> <!-- com.crm.qa.testCases.ContactsPageTest -->
