<?xml version="1.0" encoding="UTF-8"?>
<!-- Generated by org.testng.reporters.JUnitReportReporter -->
<testsuite hostname="ShrutiLaptop" name="com.crm.qa.testCases.ContactsPageTest" tests="1" failures="0" timestamp="7 Apr 2018 03:53:35 GMT" time="89.903" errors="0">
  <testcase name="validateContactsLabel" time="89.903" classname="com.crm.qa.testCases.ContactsPageTest"/>
</testsuite> <!-- com.crm.qa.testCases.ContactsPageTest -->
