<?xml version="1.0" encoding="UTF-8"?>
<!-- Generated by org.testng.reporters.JUnitReportReporter -->
<testsuite hostname="ShrutiLaptop" name="com.crm.qa.testCases.NewContactPageTest" tests="3" failures="0" timestamp="4 Apr 2018 15:14:07 GMT" time="135.784" errors="0">
  <testcase name="validateNewContactSave" time="36.156" classname="com.crm.qa.testCases.NewContactPageTest"/>
  <testcase name="validateNewContactSave" time="69.315" classname="com.crm.qa.testCases.NewContactPageTest"/>
  <testcase name="validateNewContactSave" time="30.313" classname="com.crm.qa.testCases.NewContactPageTest"/>
</testsuite> <!-- com.crm.qa.testCases.NewContactPageTest -->
