<?xml version="1.0" encoding="UTF-8"?>
<!-- Generated by org.testng.reporters.JUnitReportReporter -->
<testsuite hostname="ShrutiLaptop" name="com.crm.qa.testCases.NewContactPageTest" tests="3" failures="0" timestamp="7 Apr 2018 03:53:35 GMT" time="130.443" errors="0">
  <testcase name="validateNewContactSave" time="38.259" classname="com.crm.qa.testCases.NewContactPageTest"/>
  <testcase name="validateNewContactSave" time="41.687" classname="com.crm.qa.testCases.NewContactPageTest"/>
  <testcase name="validateNewContactSave" time="50.497" classname="com.crm.qa.testCases.NewContactPageTest"/>
</testsuite> <!-- com.crm.qa.testCases.NewContactPageTest -->
