<?xml version="1.0" encoding="UTF-8"?>
<!-- Generated by org.testng.reporters.JUnitReportReporter -->
<testsuite hostname="ShrutiLaptop" name="com.crm.qa.testCases.LoginPageTest" tests="1" failures="0" timestamp="4 Apr 2018 08:31:18 GMT" time="17.503" errors="0">
  <testcase name="validateLoginTest" time="17.503" classname="com.crm.qa.testCases.LoginPageTest"/>
</testsuite> <!-- com.crm.qa.testCases.LoginPageTest -->
