<?xml version="1.0" encoding="UTF-8"?>
<!-- Generated by org.testng.reporters.JUnitReportReporter -->
<testsuite hostname="ShrutiLaptop" name="com.crm.qa.testCases.NewContactPageTest" tests="3" failures="0" timestamp="5 Apr 2018 10:10:23 GMT" time="115.527" errors="0">
  <testcase name="validateNewContactSave" time="33.173" classname="com.crm.qa.testCases.NewContactPageTest"/>
  <testcase name="validateNewContactSave" time="46.202" classname="com.crm.qa.testCases.NewContactPageTest"/>
  <testcase name="validateNewContactSave" time="36.152" classname="com.crm.qa.testCases.NewContactPageTest"/>
</testsuite> <!-- com.crm.qa.testCases.NewContactPageTest -->
